<?xml version="1.0" encoding="UTF-8"?>
<!-- Generated by org.testng.reporters.JUnitXMLReporter -->
<testsuite hostname="Lokeshs-MacBook-Pro.local" ignored="1" name="Surefire test" tests="1" failures="0" timestamp="2021-12-20T00:01:45 IST" time="1.151" errors="0">
  <testcase name="@BeforeClass setup" time="-1.639938704343E9" classname="com.blazedemo.testcases.BaseTest">
    <failure type="org.testng.TestNGException" message="
Parameter &amp;apos;browserName&amp;apos; is required by BeforeClass on method setup but has not been marked @Optional or defined
">
      <![CDATA[org.testng.TestNGException: 
Parameter 'browserName' is required by BeforeClass on method setup but has not been marked @Optional or defined

at java.util.ArrayList.forEach(ArrayList.java:1259)
... Removed 27 stack frames]]>
    </failure>
  </testcase> <!-- @BeforeClass setup -->
  <testcase name="verifyBookingFlight" time="0.0" classname="com.blazedemo.testcases.Blaze_Demo_Test">
    <skipped/>
  </testcase> <!-- verifyBookingFlight -->
  <testcase name="@AfterSuite tearDownMethod" time="0.0" classname="com.blazedemo.testcases.BaseTest">
    <ignored/>
  </testcase> <!-- @AfterSuite tearDownMethod -->
</testsuite> <!-- Surefire test -->
