<?xml version="1.0" encoding="UTF-8"?>
<!-- Generated by org.testng.reporters.JUnitXMLReporter -->
<testsuite hostname="Lokeshs-MacBook-Pro.local" ignored="0" name="Execution for Test Suitesss" tests="1" failures="0" timestamp="2021-12-19T20:19:54 IST" time="0.07" errors="0">
  <testcase name="@BeforeClass setup" time="0.043" classname="com.blazedemo.testcases.BaseTest">
    <failure type="org.openqa.selenium.WebDriverException" message="Unable to find driver executable: /Applications/Safari Technology Preview.app/Contents/MacOS/safaridriver
Build info: version: &amp;apos;4.1.0&amp;apos;, revision: &amp;apos;87802e897b&amp;apos;
System info: host: &amp;apos;Lokeshs-MacBook-Pro.local&amp;apos;, ip: &amp;apos;fe80:0:0:0:ba:4b7b:32ef:7ee1%en0&amp;apos;, os.name: &amp;apos;Mac OS X&amp;apos;, os.arch: &amp;apos;x86_64&amp;apos;, os.version: &amp;apos;10.16&amp;apos;, java.version: &amp;apos;1.8.0_291&amp;apos;
Driver info: driver.version: SafariDriver">
      <![CDATA[org.openqa.selenium.WebDriverException: Unable to find driver executable: /Applications/Safari Technology Preview.app/Contents/MacOS/safaridriver
Build info: version: '4.1.0', revision: '87802e897b'
System info: host: 'Lokeshs-MacBook-Pro.local', ip: 'fe80:0:0:0:ba:4b7b:32ef:7ee1%en0', os.name: 'Mac OS X', os.arch: 'x86_64', os.version: '10.16', java.version: '1.8.0_291'
Driver info: driver.version: SafariDriver
at org.openqa.selenium.safari.SafariDriverService$Builder.findDefaultExecutable(SafariDriverService.java:136)
at org.openqa.selenium.remote.service.DriverService$Builder.build(DriverService.java:434)
at org.openqa.selenium.safari.SafariDriverService.createDefaultService(SafariDriverService.java:78)
at org.openqa.selenium.safari.SafariDriver.<init>(SafariDriver.java:69)
at com.blazedemo.base.DriverFactory.startSafari(DriverFactory.java:83)
at com.blazedemo.base.DriverFactory.startBrowser(DriverFactory.java:53)
at com.blazedemo.testcases.BaseTest.setup(BaseTest.java:18)
at java.util.ArrayList.forEach(ArrayList.java:1259)
... Removed 25 stack frames]]>
    </failure>
  </testcase> <!-- @BeforeClass setup -->
  <testcase name="purchaseFlight" time="0.0" classname="com.blazedemo.testcases.BookFlight">
    <skipped/>
  </testcase> <!-- purchaseFlight -->
</testsuite> <!-- Execution for Test Suitesss -->
